<?xml version="1.0" encoding="UTF-8"?>
<testsuite name="IntroLabTest" tests="2" skipped="0" failures="0" errors="0" timestamp="2023-05-18T22:37:54" hostname="Alecs-MacBook-Air.local" time="0.014">
  <properties/>
  <testcase name="testExampleStudent" classname="IntroLabTest" time="0.014"/>
  <testcase name="testDewulfal" classname="IntroLabTest" time="0.0"/>
  <system-out><![CDATA[]]></system-out>
  <system-err><![CDATA[]]></system-err>
</testsuite>
